<?xml version="1.0" encoding="UTF-8"?>
<robot generator="Robot 3.0.4 (Python 3.4.3 on win32)" generated="20180502 19:54:06.082">
<suite id="s1" name="Case2" source="E:\Trivago\TrivagoMARS\TestCase\case2.robot">
<test id="s1-t1" name="Successful Launch">
<kw name="Open Browser To Landing Page">
<kw name="Open Browser" library="Selenium2Library">
<doc>Opens a new browser instance to the given ``url``.</doc>
<arguments>
<arg>${URL}</arg>
<arg>${BROWSER}</arg>
</arguments>
<msg timestamp="20180502 19:54:06.398" level="INFO">Opening browser 'Chrome' to base url 'http://room5.trivago.com/'.</msg>
<status status="PASS" starttime="20180502 19:54:06.397" endtime="20180502 19:54:18.799"></status>
</kw>
<kw name="Maximize Browser Window" library="Selenium2Library">
<doc>Maximizes current browser window.</doc>
<status status="PASS" starttime="20180502 19:54:18.799" endtime="20180502 19:54:19.938"></status>
</kw>
<kw name="Set Selenium Speed" library="Selenium2Library">
<doc>Sets the delay that is waited after each Selenium command.</doc>
<arguments>
<arg>${DELAY}</arg>
</arguments>
<status status="PASS" starttime="20180502 19:54:19.938" endtime="20180502 19:54:19.939"></status>
</kw>
<status status="PASS" starttime="20180502 19:54:06.397" endtime="20180502 19:54:19.939"></status>
</kw>
<tags>
<tag>RegressionTest</tag>
<tag>SanityTest</tag>
</tags>
<status critical="yes" status="PASS" starttime="20180502 19:54:06.395" endtime="20180502 19:54:19.940"></status>
</test>
<test id="s1-t2" name="Case2">
<kw name="Search using location">
<kw name="Maximize Browser Window" library="Selenium2Library">
<doc>Maximizes current browser window.</doc>
<status status="PASS" starttime="20180502 19:54:19.944" endtime="20180502 19:54:19.945"></status>
</kw>
<kw name="Click Element" library="Selenium2Library">
<doc>Click element identified by ``locator``.</doc>
<arguments>
<arg>xpath=//*[@id="cn-accept-cookie"]</arg>
</arguments>
<msg timestamp="20180502 19:54:19.946" level="INFO">Clicking element 'xpath=//*[@id="cn-accept-cookie"]'.</msg>
<status status="PASS" starttime="20180502 19:54:19.946" endtime="20180502 19:54:20.121"></status>
</kw>
<kw name="Scroll Page To Location">
<arguments>
<arg>0</arg>
<arg>8000</arg>
</arguments>
<kw name="Execute Javascript" library="Selenium2Library">
<doc>Executes the given JavaScript code.</doc>
<arguments>
<arg>window.scrollTo(${x_location},${y_location})</arg>
</arguments>
<msg timestamp="20180502 19:54:20.125" level="INFO">Executing JavaScript:
window.scrollTo(0,8000)</msg>
<status status="PASS" starttime="20180502 19:54:20.123" endtime="20180502 19:54:20.221"></status>
</kw>
<status status="PASS" starttime="20180502 19:54:20.122" endtime="20180502 19:54:20.222"></status>
</kw>
<kw name="Click Element" library="Selenium2Library">
<doc>Click element identified by ``locator``.</doc>
<arguments>
<arg>xpath=//a[text()= "Contact"]</arg>
</arguments>
<msg timestamp="20180502 19:54:20.225" level="INFO">Clicking element 'xpath=//a[text()= "Contact"]'.</msg>
<status status="PASS" starttime="20180502 19:54:20.223" endtime="20180502 19:54:24.198"></status>
</kw>
<status status="PASS" starttime="20180502 19:54:19.943" endtime="20180502 19:54:24.199"></status>
</kw>
<kw name="Fill Contacts page">
<kw name="Press Key" library="Selenium2Library">
<doc>Simulates user pressing key on element identified by ``locator``.</doc>
<arguments>
<arg>xpath=.//*[@id='message']</arg>
<arg>Sample Message from Candidate</arg>
</arguments>
<status status="PASS" starttime="20180502 19:54:24.200" endtime="20180502 19:54:24.477"></status>
</kw>
<kw name="Press Key" library="Selenium2Library">
<doc>Simulates user pressing key on element identified by ``locator``.</doc>
<arguments>
<arg>xpath=.//*[@id='full_name']</arg>
<arg>test</arg>
</arguments>
<status status="PASS" starttime="20180502 19:54:24.477" endtime="20180502 19:54:24.597"></status>
</kw>
<kw name="Press Key" library="Selenium2Library">
<doc>Simulates user pressing key on element identified by ``locator``.</doc>
<arguments>
<arg>xpath=.//*[@id='email']</arg>
<arg>test@test.test</arg>
</arguments>
<status status="PASS" starttime="20180502 19:54:24.598" endtime="20180502 19:54:24.807"></status>
</kw>
<kw name="Click Element" library="Selenium2Library">
<doc>Click element identified by ``locator``.</doc>
<arguments>
<arg>xpath=.//*[@id='contactform-submit']</arg>
</arguments>
<msg timestamp="20180502 19:54:24.808" level="INFO">Clicking element 'xpath=.//*[@id='contactform-submit']'.</msg>
<status status="PASS" starttime="20180502 19:54:24.808" endtime="20180502 19:54:27.060"></status>
</kw>
<kw name="Capture Page Screenshot" library="Selenium2Library">
<doc>Takes screenshot of the current page and embeds it into log file.</doc>
<msg timestamp="20180502 19:54:27.432" level="INFO" html="yes">&lt;/td&gt;&lt;/tr&gt;&lt;tr&gt;&lt;td colspan="3"&gt;&lt;a href="selenium-screenshot-59.png"&gt;&lt;img src="selenium-screenshot-59.png" width="800px"&gt;&lt;/a&gt;</msg>
<status status="PASS" starttime="20180502 19:54:27.061" endtime="20180502 19:54:27.433"></status>
</kw>
<status status="PASS" starttime="20180502 19:54:24.199" endtime="20180502 19:54:27.435"></status>
</kw>
<kw type="teardown" name="Close Browser" library="Selenium2Library">
<doc>Closes the current browser.</doc>
<status status="PASS" starttime="20180502 19:54:27.437" endtime="20180502 19:54:30.512"></status>
</kw>
<tags>
<tag>RegressionTest</tag>
</tags>
<status critical="yes" status="PASS" starttime="20180502 19:54:19.942" endtime="20180502 19:54:30.513"></status>
</test>
<doc>This is a sample test for TRIVAGO Challenge</doc>
<status status="PASS" starttime="20180502 19:54:06.086" endtime="20180502 19:54:30.516"></status>
</suite>
<statistics>
<total>
<stat pass="2" fail="0">Critical Tests</stat>
<stat pass="2" fail="0">All Tests</stat>
</total>
<tag>
<stat pass="2" fail="0">RegressionTest</stat>
<stat pass="1" fail="0">SanityTest</stat>
</tag>
<suite>
<stat pass="2" fail="0" name="Case2" id="s1">Case2</stat>
</suite>
</statistics>
<errors>
</errors>
</robot>
