<?xml version="1.0" encoding="UTF-8"?>
<robot generator="Robot 3.0.4 (Python 3.4.3 on win32)" generated="20180430 16:38:58.132">
<suite source="E:\Trivago\TrivagoMARS\TestCase\case3.robot" name="Case3" id="s1">
<test name="Successful Launch" id="s1-t1">
<kw name="Open Browser To Landing Page">
<kw library="Selenium2Library" name="Open Browser">
<doc>Opens a new browser instance to the given ``url``.</doc>
<arguments>
<arg>${URL}</arg>
<arg>${BROWSER}</arg>
</arguments>
<msg timestamp="20180430 16:38:58.470" level="INFO">Opening browser 'Chrome' to base url 'http://room5.trivago.com/'.</msg>
<status status="PASS" endtime="20180430 16:39:13.307" starttime="20180430 16:38:58.469"></status>
</kw>
<kw library="Selenium2Library" name="Maximize Browser Window">
<doc>Maximizes current browser window.</doc>
<status status="PASS" endtime="20180430 16:39:14.440" starttime="20180430 16:39:13.307"></status>
</kw>
<kw library="Selenium2Library" name="Set Selenium Speed">
<doc>Sets the delay that is waited after each Selenium command.</doc>
<arguments>
<arg>${DELAY}</arg>
</arguments>
<status status="PASS" endtime="20180430 16:39:14.441" starttime="20180430 16:39:14.440"></status>
</kw>
<kw library="Selenium2Library" name="Click Element">
<doc>Click element identified by ``locator``.</doc>
<arguments>
<arg>xpath=//*[@id="cn-accept-cookie"]</arg>
</arguments>
<msg timestamp="20180430 16:39:14.441" level="INFO">Clicking element 'xpath=//*[@id="cn-accept-cookie"]'.</msg>
<status status="PASS" endtime="20180430 16:39:14.606" starttime="20180430 16:39:14.441"></status>
</kw>
<status status="PASS" endtime="20180430 16:39:14.606" starttime="20180430 16:38:58.469"></status>
</kw>
<tags>
<tag>RegressionTest</tag>
<tag>SanityTest</tag>
</tags>
<status status="PASS" endtime="20180430 16:39:14.607" critical="yes" starttime="20180430 16:38:58.467"></status>
</test>
<test name="NewsLetter Subscription" id="s1-t2">
<kw name="Subscibe to Newsletter">
<kw library="Selenium2Library" name="Press Key">
<doc>Simulates user pressing key on element identified by ``locator``.</doc>
<arguments>
<arg>xpath=//*[@id="etn_email"]</arg>
<arg>test@test.test</arg>
</arguments>
<status status="PASS" endtime="20180430 16:39:15.193" starttime="20180430 16:39:14.616"></status>
</kw>
<kw library="Selenium2Library" name="Select Checkbox">
<doc>Selects checkbox identified by ``locator``.</doc>
<arguments>
<arg>xpath=//*[@id="etn_conf_checkbox_de"]</arg>
</arguments>
<msg timestamp="20180430 16:39:15.196" level="INFO">Selecting checkbox 'xpath=//*[@id="etn_conf_checkbox_de"]'.</msg>
<status status="PASS" endtime="20180430 16:39:15.354" starttime="20180430 16:39:15.194"></status>
</kw>
<kw library="Selenium2Library" name="Click Button">
<doc>Clicks button identified by ``locator``.</doc>
<arguments>
<arg>xpath=//*[@id="static-form"]/div[3]/button</arg>
</arguments>
<msg timestamp="20180430 16:39:15.355" level="INFO">Clicking button 'xpath=//*[@id="static-form"]/div[3]/button'.</msg>
<status status="PASS" endtime="20180430 16:39:15.567" starttime="20180430 16:39:15.354"></status>
</kw>
<kw library="Selenium2Library" name="Capture Page Screenshot">
<doc>Takes screenshot of the current page and embeds it into log file.</doc>
<msg timestamp="20180430 16:39:16.041" html="yes" level="INFO">&lt;/td&gt;&lt;/tr&gt;&lt;tr&gt;&lt;td colspan="3"&gt;&lt;a href="selenium-screenshot-32.png"&gt;&lt;img src="selenium-screenshot-32.png" width="800px"&gt;&lt;/a&gt;</msg>
<status status="PASS" endtime="20180430 16:39:16.041" starttime="20180430 16:39:15.567"></status>
</kw>
<status status="PASS" endtime="20180430 16:39:16.041" starttime="20180430 16:39:14.615"></status>
</kw>
<kw library="Selenium2Library" type="teardown" name="Close Browser">
<doc>Closes the current browser.</doc>
<status status="PASS" endtime="20180430 16:39:19.090" starttime="20180430 16:39:16.042"></status>
</kw>
<tags>
<tag>RegressionTest</tag>
</tags>
<status status="PASS" endtime="20180430 16:39:19.091" critical="yes" starttime="20180430 16:39:14.612"></status>
</test>
<doc>This is a sample test for TRIVAGO Challenge</doc>
<status status="PASS" endtime="20180430 16:39:19.093" starttime="20180430 16:38:58.135"></status>
</suite>
<statistics>
<total>
<stat fail="0" pass="2">Critical Tests</stat>
<stat fail="0" pass="2">All Tests</stat>
</total>
<tag>
<stat fail="0" pass="2">RegressionTest</stat>
<stat fail="0" pass="1">SanityTest</stat>
</tag>
<suite>
<stat name="Case3" fail="0" id="s1" pass="2">Case3</stat>
</suite>
</statistics>
<errors>
</errors>
</robot>
